\BOOKMARK [0][-]{chapter.1}{Introduction}{}% 1
\BOOKMARK [0][-]{chapter.2}{Entropy and the Hamming Space}{}% 2
\BOOKMARK [1][-]{section.2.1}{The Hamming Space}{chapter.2}% 3
\BOOKMARK [1][-]{section.2.2}{The Volume of the Hamming Ball}{chapter.2}% 4
\BOOKMARK [1][-]{section.2.3}{Generalization to Any Finite Alphabet}{chapter.2}% 5
\BOOKMARK [0][-]{chapter.3}{The log sum inequality}{}% 6
\BOOKMARK [0][-]{chapter.4}{Variable-length codes}{}% 7
\BOOKMARK [0][-]{chapter.5}{Entropy of Random Variables}{}% 8
\BOOKMARK [1][-]{section.5.1}{Joint Entropy, Conditional Entropy and Mutual Information}{chapter.5}% 9
\BOOKMARK [1][-]{section.5.2}{Information Source and Speed of Information}{chapter.5}% 10
\BOOKMARK [1][-]{section.5.3}{Universal Compression}{chapter.5}% 11
\BOOKMARK [0][-]{chapter.6}{Error Correcting Codes}{}% 12
\BOOKMARK [1][-]{section.6.1}{Uniquely Decodable codes}{chapter.6}% 13
\BOOKMARK [1][-]{section.6.2}{Parity Check Codes}{chapter.6}% 14
\BOOKMARK [0][-]{chapter.7}{The communication model}{}% 15
\BOOKMARK [1][-]{section.7.1}{Discrete Memoryless Channel}{chapter.7}% 16
\BOOKMARK [1][-]{section.7.2}{Shannon's Noisy Channel Theorem}{chapter.7}% 17
\BOOKMARK [1][-]{section.7.3}{Binary Symmetric Channel}{chapter.7}% 18
\BOOKMARK [1][-]{section.7.4}{Zero Error Capacity}{chapter.7}% 19
\BOOKMARK [0][-]{chapter*.15}{Acronyms}{}% 20
